{"name":"ApiTestCaseModelTest","status":"broken","statusDetails":{"known":false,"muted":false,"flaky":false,"message":"mapping values are not allowed here\n in 'reader', line 9, column 21:\n                  userId: 1879\n                        ^\n\n at [Source: (File); line: 9, column: 21] (through reference chain: com.dongao.DaQsAiTest.Model.ApiTestCaseModel[\"steps\"]->java.util.ArrayList[1])","trace":"com.fasterxml.jackson.databind.JsonMappingException: mapping values are not allowed here\n in 'reader', line 9, column 21:\n                  userId: 1879\n                        ^\n\n at [Source: (File); line: 9, column: 21] (through reference chain: com.dongao.DaQsAiTest.Model.ApiTestCaseModel[\"steps\"]->java.util.ArrayList[1])\r\n\tat com.fasterxml.jackson.databind.JsonMappingException.wrapWithPath(JsonMappingException.java:397)\r\n\tat com.fasterxml.jackson.databind.JsonMappingException.wrapWithPath(JsonMappingException.java:368)\r\n\tat com.fasterxml.jackson.databind.deser.std.CollectionDeserializer.deserialize(CollectionDeserializer.java:306)\r\n\tat com.fasterxml.jackson.databind.deser.std.CollectionDeserializer.deserialize(CollectionDeserializer.java:249)\r\n\tat com.fasterxml.jackson.databind.deser.std.CollectionDeserializer.deserialize(CollectionDeserializer.java:26)\r\n\tat com.fasterxml.jackson.databind.deser.impl.FieldProperty.deserializeAndSet(FieldProperty.java:138)\r\n\tat com.fasterxml.jackson.databind.deser.BeanDeserializer.vanillaDeserialize(BeanDeserializer.java:293)\r\n\tat com.fasterxml.jackson.databind.deser.BeanDeserializer.deserialize(BeanDeserializer.java:156)\r\n\tat com.fasterxml.jackson.databind.ObjectMapper._readMapAndClose(ObjectMapper.java:4526)\r\n\tat com.fasterxml.jackson.databind.ObjectMapper.readValue(ObjectMapper.java:3333)\r\n\tat com.dongao.DaQsAiTest.Model.ApiTestCaseModel.load(ApiTestCaseModel.java:35)\r\n\tat com.dongao.DaQsAiTest.ApiTestCaseModelTest.beforeAll(ApiTestCaseModelTest.java:20)\r\n\tat sun.reflect.NativeMethodAccessorImpl.invoke0(Native Method)\r\n\tat sun.reflect.NativeMethodAccessorImpl.invoke(NativeMethodAccessorImpl.java:62)\r\n\tat sun.reflect.DelegatingMethodAccessorImpl.invoke(DelegatingMethodAccessorImpl.java:43)\r\n\tat java.lang.reflect.Method.invoke(Method.java:497)\r\n\tat org.junit.platform.commons.util.ReflectionUtils.invokeMethod(ReflectionUtils.java:688)\r\n\tat org.junit.jupiter.engine.execution.MethodInvocation.proceed(MethodInvocation.java:60)\r\n\tat org.junit.jupiter.engine.execution.InvocationInterceptorChain$ValidatingInvocation.proceed(InvocationInterceptorChain.java:131)\r\n\tat org.junit.jupiter.engine.extension.TimeoutExtension.intercept(TimeoutExtension.java:149)\r\n\tat org.junit.jupiter.engine.extension.TimeoutExtension.interceptLifecycleMethod(TimeoutExtension.java:126)\r\n\tat org.junit.jupiter.engine.extension.TimeoutExtension.interceptBeforeAllMethod(TimeoutExtension.java:68)\r\n\tat org.junit.jupiter.engine.descriptor.ClassBasedTestDescriptor$$Lambda$249/1502335674.apply(Unknown Source)\r\n\tat org.junit.jupiter.engine.execution.ExecutableInvoker$ReflectiveInterceptorCall.lambda$ofVoidMethod$0(ExecutableInvoker.java:115)\r\n\tat org.junit.jupiter.engine.execution.ExecutableInvoker$ReflectiveInterceptorCall$$Lambda$121/431506362.apply(Unknown Source)\r\n\tat org.junit.jupiter.engine.execution.ExecutableInvoker.lambda$invoke$0(ExecutableInvoker.java:105)\r\n\tat org.junit.jupiter.engine.execution.ExecutableInvoker$$Lambda$250/1613627715.apply(Unknown Source)\r\n\tat org.junit.jupiter.engine.execution.InvocationInterceptorChain$InterceptedInvocation.proceed(InvocationInterceptorChain.java:106)\r\n\tat org.junit.jupiter.engine.execution.InvocationInterceptorChain.proceed(InvocationInterceptorChain.java:64)\r\n\tat org.junit.jupiter.engine.execution.InvocationInterceptorChain.chainAndInvoke(InvocationInterceptorChain.java:45)\r\n\tat org.junit.jupiter.engine.execution.InvocationInterceptorChain.invoke(InvocationInterceptorChain.java:37)\r\n\tat org.junit.jupiter.engine.execution.ExecutableInvoker.invoke(ExecutableInvoker.java:104)\r\n\tat org.junit.jupiter.engine.execution.ExecutableInvoker.invoke(ExecutableInvoker.java:98)\r\n\tat org.junit.jupiter.engine.descriptor.ClassBasedTestDescriptor.lambda$invokeBeforeAllMethods$9(ClassBasedTestDescriptor.java:384)\r\n\tat org.junit.jupiter.engine.descriptor.ClassBasedTestDescriptor$$Lambda$248/1277108979.execute(Unknown Source)\r\n\tat org.junit.platform.engine.support.hierarchical.ThrowableCollector.execute(ThrowableCollector.java:73)\r\n\tat org.junit.jupiter.engine.descriptor.ClassBasedTestDescriptor.invokeBeforeAllMethods(ClassBasedTestDescriptor.java:382)\r\n\tat org.junit.jupiter.engine.descriptor.ClassBasedTestDescriptor.before(ClassBasedTestDescriptor.java:196)\r\n\tat org.junit.jupiter.engine.descriptor.ClassBasedTestDescriptor.before(ClassBasedTestDescriptor.java:78)\r\n\tat org.junit.platform.engine.support.hierarchical.NodeTestTask.lambda$executeRecursively$5(NodeTestTask.java:136)\r\n\tat org.junit.platform.engine.support.hierarchical.NodeTestTask$$Lambda$203/550147359.execute(Unknown Source)\r\n\tat org.junit.platform.engine.support.hierarchical.ThrowableCollector.execute(ThrowableCollector.java:73)\r\n\tat org.junit.platform.engine.support.hierarchical.NodeTestTask.lambda$executeRecursively$7(NodeTestTask.java:129)\r\n\tat org.junit.platform.engine.support.hierarchical.NodeTestTask$$Lambda$202/1667305539.invoke(Unknown Source)\r\n\tat org.junit.platform.engine.support.hierarchical.Node.around(Node.java:137)\r\n\tat org.junit.platform.engine.support.hierarchical.NodeTestTask.lambda$executeRecursively$8(NodeTestTask.java:127)\r\n\tat org.junit.platform.engine.support.hierarchical.NodeTestTask$$Lambda$201/1870209957.execute(Unknown Source)\r\n\tat org.junit.platform.engine.support.hierarchical.ThrowableCollector.execute(ThrowableCollector.java:73)\r\n\tat org.junit.platform.engine.support.hierarchical.NodeTestTask.executeRecursively(NodeTestTask.java:126)\r\n\tat org.junit.platform.engine.support.hierarchical.NodeTestTask.execute(NodeTestTask.java:84)\r\n\tat org.junit.platform.engine.support.hierarchical.SameThreadHierarchicalTestExecutorService$$Lambda$207/1260467793.accept(Unknown Source)\r\n\tat java.util.ArrayList.forEach(ArrayList.java:1249)\r\n\tat org.junit.platform.engine.support.hierarchical.SameThreadHierarchicalTestExecutorService.invokeAll(SameThreadHierarchicalTestExecutorService.java:38)\r\n\tat org.junit.platform.engine.support.hierarchical.NodeTestTask.lambda$executeRecursively$5(NodeTestTask.java:143)\r\n\tat org.junit.platform.engine.support.hierarchical.NodeTestTask$$Lambda$203/550147359.execute(Unknown Source)\r\n\tat org.junit.platform.engine.support.hierarchical.ThrowableCollector.execute(ThrowableCollector.java:73)\r\n\tat org.junit.platform.engine.support.hierarchical.NodeTestTask.lambda$executeRecursively$7(NodeTestTask.java:129)\r\n\tat org.junit.platform.engine.support.hierarchical.NodeTestTask$$Lambda$202/1667305539.invoke(Unknown Source)\r\n\tat org.junit.platform.engine.support.hierarchical.Node.around(Node.java:137)\r\n\tat org.junit.platform.engine.support.hierarchical.NodeTestTask.lambda$executeRecursively$8(NodeTestTask.java:127)\r\n\tat org.junit.platform.engine.support.hierarchical.NodeTestTask$$Lambda$201/1870209957.execute(Unknown Source)\r\n\tat org.junit.platform.engine.support.hierarchical.ThrowableCollector.execute(ThrowableCollector.java:73)\r\n\tat org.junit.platform.engine.support.hierarchical.NodeTestTask.executeRecursively(NodeTestTask.java:126)\r\n\tat org.junit.platform.engine.support.hierarchical.NodeTestTask.execute(NodeTestTask.java:84)\r\n\tat org.junit.platform.engine.support.hierarchical.SameThreadHierarchicalTestExecutorService.submit(SameThreadHierarchicalTestExecutorService.java:32)\r\n\tat org.junit.platform.engine.support.hierarchical.HierarchicalTestExecutor.execute(HierarchicalTestExecutor.java:57)\r\n\tat org.junit.platform.engine.support.hierarchical.HierarchicalTestEngine.execute(HierarchicalTestEngine.java:51)\r\n\tat org.junit.platform.launcher.core.EngineExecutionOrchestrator.execute(EngineExecutionOrchestrator.java:108)\r\n\tat org.junit.platform.launcher.core.EngineExecutionOrchestrator.execute(EngineExecutionOrchestrator.java:88)\r\n\tat org.junit.platform.launcher.core.EngineExecutionOrchestrator.lambda$execute$0(EngineExecutionOrchestrator.java:54)\r\n\tat org.junit.platform.launcher.core.EngineExecutionOrchestrator$$Lambda$156/110651474.accept(Unknown Source)\r\n\tat org.junit.platform.launcher.core.EngineExecutionOrchestrator.withInterceptedStreams(EngineExecutionOrchestrator.java:67)\r\n\tat org.junit.platform.launcher.core.EngineExecutionOrchestrator.execute(EngineExecutionOrchestrator.java:52)\r\n\tat org.junit.platform.launcher.core.DefaultLauncher.execute(DefaultLauncher.java:96)\r\n\tat org.junit.platform.launcher.core.DefaultLauncher.execute(DefaultLauncher.java:75)\r\n\tat com.intellij.junit5.JUnit5IdeaTestRunner.startRunnerWithArgs(JUnit5IdeaTestRunner.java:71)\r\n\tat com.intellij.rt.junit.IdeaTestRunner$Repeater.startRunnerWithArgs(IdeaTestRunner.java:33)\r\n\tat com.intellij.rt.junit.JUnitStarter.prepareStreamsAndStart(JUnitStarter.java:220)\r\n\tat com.intellij.rt.junit.JUnitStarter.main(JUnitStarter.java:53)\r\nCaused by: com.fasterxml.jackson.dataformat.yaml.snakeyaml.error.MarkedYAMLException: mapping values are not allowed here\n in 'reader', line 9, column 21:\n                  userId: 1879\n                        ^\n\n at [Source: (File); line: 9, column: 21]\r\n\tat com.fasterxml.jackson.dataformat.yaml.snakeyaml.error.MarkedYAMLException.from(MarkedYAMLException.java:27)\r\n\tat com.fasterxml.jackson.dataformat.yaml.YAMLParser.nextToken(YAMLParser.java:359)\r\n\tat com.fasterxml.jackson.core.JsonParser.nextFieldName(JsonParser.java:868)\r\n\tat com.fasterxml.jackson.databind.deser.std.UntypedObjectDeserializer$Vanilla.mapObject(UntypedObjectDeserializer.java:871)\r\n\tat com.fasterxml.jackson.databind.deser.std.UntypedObjectDeserializer$Vanilla.deserialize(UntypedObjectDeserializer.java:652)\r\n\tat com.fasterxml.jackson.databind.deser.std.MapDeserializer._readAndBindStringKeyMap(MapDeserializer.java:540)\r\n\tat com.fasterxml.jackson.databind.deser.std.MapDeserializer.deserialize(MapDeserializer.java:377)\r\n\tat com.fasterxml.jackson.databind.deser.std.MapDeserializer.deserialize(MapDeserializer.java:29)\r\n\tat com.fasterxml.jackson.databind.deser.std.CollectionDeserializer.deserialize(CollectionDeserializer.java:290)\r\n\t... 76 more\r\nCaused by: mapping values are not allowed here\n in 'reader', line 9, column 21:\n                  userId: 1879\n                        ^\n\r\n\tat org.yaml.snakeyaml.scanner.ScannerImpl.fetchValue(ScannerImpl.java:870)\r\n\tat org.yaml.snakeyaml.scanner.ScannerImpl.fetchMoreTokens(ScannerImpl.java:358)\r\n\tat org.yaml.snakeyaml.scanner.ScannerImpl.checkToken(ScannerImpl.java:227)\r\n\tat org.yaml.snakeyaml.parser.ParserImpl$ParseBlockMappingKey.produce(ParserImpl.java:558)\r\n\tat org.yaml.snakeyaml.parser.ParserImpl.peekEvent(ParserImpl.java:158)\r\n\tat org.yaml.snakeyaml.parser.ParserImpl.getEvent(ParserImpl.java:168)\r\n\tat com.fasterxml.jackson.dataformat.yaml.YAMLParser.nextToken(YAMLParser.java:355)\r\n\t... 83 more\r\n"},"stage":"finished","description":"","steps":[],"attachments":[],"parameters":[],"start":1610638717660,"stop":1610638717663,"uuid":"75ca2549-d938-42b7-8ac6-e16e427de49d","historyId":"e19213ed0f087c6c197137720555dab6","fullName":"com.dongao.DaQsAiTest.ApiTestCaseModelTest","labels":[{"name":"host","value":"LAPTOP-6LDR044H"},{"name":"thread","value":"11524@LAPTOP-6LDR044H.main(1)"},{"name":"framework","value":"junit-platform"},{"name":"language","value":"java"},{"name":"package","value":"com.dongao.DaQsAiTest.ApiTestCaseModelTest"},{"name":"testClass","value":"com.dongao.DaQsAiTest.ApiTestCaseModelTest"},{"name":"suite","value":"com.dongao.DaQsAiTest.ApiTestCaseModelTest"}],"links":[]}